<?xml version="1.0" encoding="UTF-8"?>
<!-- Generated by org.testng.reporters.JUnitReportReporter -->
<testsuite hostname="Nexgen84" failures="0" tests="1" name="BaseTesting.SampleTest.AppTest" time="34.227" errors="0" timestamp="2022-12-16T22:09:00 IST" skipped="0">
  <testcase classname="BaseTesting.SampleTest.AppTest" name="shouldAnswerWithTrue" time="34.227"/>
</testsuite> <!-- BaseTesting.SampleTest.AppTest -->
