<?xml version="1.0" encoding="UTF-8"?>
<!-- Generated by org.testng.reporters.JUnitReportReporter -->
<testsuite hostname="Nexgen84" failures="0" tests="1" name="BaseTesting.SampleTest.AppTest" time="27.708" errors="0" timestamp="2022-12-16T21:11:55 IST" skipped="0">
  <testcase classname="BaseTesting.SampleTest.AppTest" name="shouldAnswerWithTrue" time="27.708"/>
</testsuite> <!-- BaseTesting.SampleTest.AppTest -->
