<?xml version="1.0" encoding="UTF-8"?>
<!-- Generated by org.testng.reporters.JUnitReportReporter -->
<testsuite hostname="Nexgen84" failures="0" tests="7" name="BaseTesting.SampleTest.AppTest" time="56.176" errors="0" timestamp="2022-12-17T00:52:32 IST" skipped="2">
  <testcase classname="BaseTesting.SampleTest.AppTest" name="landingWelcomePage" time="13.173"/>
  <testcase classname="BaseTesting.SampleTest.AppTest" name="SidebarMenuOptions" time="12.272"/>
  <testcase classname="BaseTesting.SampleTest.AppTest" name="sideBarLogoTest" time="6.099"/>
  <testcase classname="BaseTesting.SampleTest.AppTest" name="headerToggleIconTest" time="12.223"/>
  <testcase classname="BaseTesting.SampleTest.AppTest" name="NavigateToOTSByDate" time="12.409"/>
  <testcase classname="BaseTesting.SampleTest.AppTest" name="headerTitleName">
    <skipped/>
  </testcase> <!-- headerTitleName -->
  <testcase classname="BaseTesting.SampleTest.AppTest" name="footerElements">
    <skipped/>
  </testcase> <!-- footerElements -->
</testsuite> <!-- BaseTesting.SampleTest.AppTest -->
